[12:16:09] [main/WARN]: Ambiguity between arguments [teleport, destination] and [teleport, targets] with inputs: [Player, 0123, @e, dd12be42-52a9-4a91-a8a1-11c01849e498]
[12:16:09] [main/WARN]: Ambiguity between arguments [teleport, location] and [teleport, destination] with inputs: [0.1 -0.5 .9, 0 0 0]
[12:16:09] [main/WARN]: Ambiguity between arguments [teleport, location] and [teleport, targets] with inputs: [0.1 -0.5 .9, 0 0 0]
[12:16:09] [main/WARN]: Ambiguity between arguments [teleport, targets] and [teleport, destination] with inputs: [Player, 0123, dd12be42-52a9-4a91-a8a1-11c01849e498]
[12:16:09] [main/WARN]: Ambiguity between arguments [teleport, targets, location] and [teleport, targets, destination] with inputs: [0.1 -0.5 .9, 0 0 0]
[12:16:09] [main/INFO]: Loaded 0 recipes
[12:16:09] [main/INFO]: Loaded 0 advancements
[12:16:09] [Server thread/INFO]: Starting minecraft server version 1.13
[12:16:09] [Server thread/INFO]: Loading properties
[12:16:09] [Server thread/INFO]: Default game type: SURVIVAL
[12:16:09] [Server thread/INFO]: Generating keypair
[12:16:09] [Server thread/INFO]: Starting Minecraft server on *:25565
[12:16:09] [Server thread/INFO]: Using default channel type
[12:16:10] [Server thread/INFO]: Preparing level "world"
[12:16:10] [Server thread/INFO]: Reloading ResourceManager: Default
[12:16:10] [Server thread/INFO]: Loaded 524 recipes
[12:16:11] [Server thread/INFO]: Loaded 571 advancements
[12:16:11] [Server thread/INFO]: Preparing start region for level 0
[12:16:11] [Server thread/INFO]: Preparing spawn area: 4%
[12:16:12] [Server thread/INFO]: Preparing spawn area: 8%
[12:16:12] [Server thread/INFO]: Preparing spawn area: 12%
[12:16:12] [Server thread/INFO]: Preparing spawn area: 16%
[12:16:12] [Server thread/INFO]: Preparing spawn area: 20%
[12:16:12] [Server thread/INFO]: Preparing spawn area: 24%
[12:16:12] [Server thread/INFO]: Preparing spawn area: 28%
[12:16:12] [Server thread/INFO]: Preparing spawn area: 32%
[12:16:12] [Server thread/INFO]: Preparing spawn area: 36%
[12:16:12] [Server thread/INFO]: Preparing spawn area: 40%
[12:16:12] [Server thread/INFO]: Preparing spawn area: 44%
[12:16:12] [Server thread/INFO]: Preparing spawn area: 48%
[12:16:12] [Server thread/INFO]: Preparing spawn area: 52%
[12:16:12] [Server thread/INFO]: Preparing spawn area: 56%
[12:16:12] [Server thread/INFO]: Preparing spawn area: 60%
[12:16:12] [Server thread/INFO]: Preparing spawn area: 64%
[12:16:12] [Server thread/INFO]: Preparing spawn area: 68%
[12:16:12] [Server thread/INFO]: Preparing spawn area: 72%
[12:16:12] [Server thread/INFO]: Preparing spawn area: 76%
[12:16:12] [Server thread/INFO]: Preparing spawn area: 80%
[12:16:12] [Server thread/INFO]: Preparing spawn area: 84%
[12:16:13] [Server thread/INFO]: Preparing spawn area: 88%
[12:16:13] [Server thread/INFO]: Preparing spawn area: 92%
[12:16:13] [Server thread/INFO]: Preparing spawn area: 96%
[12:16:13] [Server thread/INFO]: Preparing spawn area: 100%
[12:16:13] [Server thread/INFO]: Time elapsed: 1359 ms
[12:16:13] [Server thread/INFO]: Done (3.067s)! For help, type "help"
[12:16:43] [User Authenticator #1/INFO]: UUID of player FireDragonZone is 5540a1a2-880e-4f9a-86ca-b8a64b0a4467
[12:16:43] [Server thread/INFO]: FireDragonZone[/127.0.0.1:65128] logged in with entity id 44 at (-203.5, 67.0, 45.5)
[12:16:43] [Server thread/INFO]: FireDragonZone joined the game
[12:17:02] [Server thread/INFO]: FireDragonZone lost connection: Disconnected
[12:17:02] [Server thread/INFO]: FireDragonZone left the game
[12:20:07] [Server thread/INFO]: Stopping the server
[12:20:07] [Server thread/INFO]: Stopping server
[12:20:07] [Server thread/INFO]: Saving players
[12:20:07] [Server thread/INFO]: Saving worlds
[12:20:07] [Server thread/INFO]: Saving chunks for level 'world'/overworld
[12:20:07] [Server thread/INFO]: Saving chunks for level 'world'/the_nether
[12:20:07] [Server thread/INFO]: Saving chunks for level 'world'/the_end
[12:20:08] [Server Shutdown Thread/INFO]: Stopping server
[12:20:08] [Server Shutdown Thread/INFO]: Saving players
